2026-04-07 22:55:11,641 - INFO - ============================================================
2026-04-07 22:55:11,641 - INFO - 3D Advection LoRA Finetuning (V3 Model)
2026-04-07 22:55:11,641 - INFO - ============================================================
2026-04-07 22:55:11,641 - INFO - Config: configs/finetune_advection_3d_v3_rescaled_norm.yaml
2026-04-07 22:55:11,641 - INFO - Loss: BC (w=1) + PDE (u_t + a*u_x + b*u_y + c*u_z)
2026-04-07 22:55:11,641 - INFO - Lambda BC: 10000.0, Lambda PDE: 0.0029658
2026-04-07 22:55:11,641 - INFO - Save: 100*vrmse + 0*pde
2026-04-07 22:55:11,642 - INFO - ============================================================
2026-04-07 22:55:11,648 - INFO - Detected NEW format (3D): 100 samples, 21 timesteps, shape (64, 64, 64)
2026-04-07 22:55:11,649 - INFO - FinetuneDataset (train): 45 samples, all clips/sample, 585 total clips
2026-04-07 22:55:11,651 - INFO - Detected NEW format (3D): 100 samples, 21 timesteps, shape (64, 64, 64)
2026-04-07 22:55:11,652 - INFO - FinetuneDataset (val): 55 samples, all clips/sample, 110 total clips
2026-04-07 22:55:11,653 - INFO - FinetuneSampler: 315 batches, 315 per rank
2026-04-07 22:55:11,653 - INFO - FinetuneSampler: 55 batches, 55 per rank
2026-04-07 22:55:11,653 - INFO - Steps per epoch: 315
2026-04-07 22:55:11,653 - INFO - Total steps: 9450
2026-04-07 22:55:16,284 - INFO - PDE eq_scales: {'advection': 0.0029658}
2026-04-07 22:55:16,284 - INFO - PDE eq_weights: {'advection': 1.0}
wandb: Currently logged in as: reca1c1trant (reca1c1trant-ntu) to https://api.wandb.ai. Use `wandb login --relogin` to force relogin
wandb: setting up run tctylwfp
wandb: Tracking run with wandb version 0.23.0
wandb: Run data is saved locally in /home/msai/song0304/code/PDE/wandb/run-20260407_225517-tctylwfp
wandb: Run `wandb offline` to turn off syncing.
wandb: Syncing run advection3d-lora-v3-r16
wandb: ⭐️ View project at https://wandb.ai/reca1c1trant-ntu/pde-advection-3d-lora
wandb: 🚀 View run at https://wandb.ai/reca1c1trant-ntu/pde-advection-3d-lora/runs/tctylwfp
2026-04-07 22:55:19,395 - INFO - FinetuneSampler: 315 batches, 315 per rank
Traceback (most recent call last):
  File "/home/msai/song0304/code/PDE/finetune/train_advection_3d_lora_v3.py", line 602, in <module>
    main()
  File "/home/msai/song0304/code/PDE/finetune/train_advection_3d_lora_v3.py", line 484, in main
    output_norm, mean, std = model(input_data, return_normalized=True)
                             ^^^^^^^^^^^^^^^^^^^^^^^^^^^^^^^^^^^^^^^^^
  File "/home/msai/song0304/.conda/envs/icml/lib/python3.12/site-packages/torch/nn/modules/module.py", line 1775, in _wrapped_call_impl
    return self._call_impl(*args, **kwargs)
           ^^^^^^^^^^^^^^^^^^^^^^^^^^^^^^^^
  File "/home/msai/song0304/.conda/envs/icml/lib/python3.12/site-packages/torch/nn/modules/module.py", line 1786, in _call_impl
    return forward_call(*args, **kwargs)
           ^^^^^^^^^^^^^^^^^^^^^^^^^^^^^
  File "/home/msai/song0304/code/PDE/finetune/model_lora_v3.py", line 244, in forward
    result = self.model(x, channel_mask, return_normalized)
             ^^^^^^^^^^^^^^^^^^^^^^^^^^^^^^^^^^^^^^^^^^^^^^
  File "/home/msai/song0304/.conda/envs/icml/lib/python3.12/site-packages/torch/nn/modules/module.py", line 1775, in _wrapped_call_impl
    return self._call_impl(*args, **kwargs)
           ^^^^^^^^^^^^^^^^^^^^^^^^^^^^^^^^
  File "/home/msai/song0304/.conda/envs/icml/lib/python3.12/site-packages/torch/nn/modules/module.py", line 1786, in _call_impl
    return forward_call(*args, **kwargs)
           ^^^^^^^^^^^^^^^^^^^^^^^^^^^^^
  File "/home/msai/song0304/code/PDE/pretrain/model_v3.py", line 453, in forward
    tokens = self.transformer(tokens, shape_info)
             ^^^^^^^^^^^^^^^^^^^^^^^^^^^^^^^^^^^^
  File "/home/msai/song0304/.conda/envs/icml/lib/python3.12/site-packages/torch/nn/modules/module.py", line 1775, in _wrapped_call_impl
    return self._call_impl(*args, **kwargs)
           ^^^^^^^^^^^^^^^^^^^^^^^^^^^^^^^^
  File "/home/msai/song0304/.conda/envs/icml/lib/python3.12/site-packages/torch/nn/modules/module.py", line 1786, in _call_impl
    return forward_call(*args, **kwargs)
           ^^^^^^^^^^^^^^^^^^^^^^^^^^^^^
  File "/home/msai/song0304/.conda/envs/icml/lib/python3.12/site-packages/peft/peft_model.py", line 921, in forward
    return self.get_base_model()(*args, **kwargs)
           ^^^^^^^^^^^^^^^^^^^^^^^^^^^^^^^^^^^^^^
  File "/home/msai/song0304/.conda/envs/icml/lib/python3.12/site-packages/torch/nn/modules/module.py", line 1775, in _wrapped_call_impl
    return self._call_impl(*args, **kwargs)
           ^^^^^^^^^^^^^^^^^^^^^^^^^^^^^^^^
  File "/home/msai/song0304/.conda/envs/icml/lib/python3.12/site-packages/torch/nn/modules/module.py", line 1786, in _call_impl
    return forward_call(*args, **kwargs)
           ^^^^^^^^^^^^^^^^^^^^^^^^^^^^^
  File "/home/msai/song0304/code/PDE/pretrain/model_v3.py", line 208, in forward
    x = grad_checkpoint(layer, x, na_key, use_reentrant=False)
        ^^^^^^^^^^^^^^^^^^^^^^^^^^^^^^^^^^^^^^^^^^^^^^^^^^^^^^
  File "/home/msai/song0304/.conda/envs/icml/lib/python3.12/site-packages/torch/_compile.py", line 53, in inner
    return disable_fn(*args, **kwargs)
           ^^^^^^^^^^^^^^^^^^^^^^^^^^^
  File "/home/msai/song0304/.conda/envs/icml/lib/python3.12/site-packages/torch/_dynamo/eval_frame.py", line 1044, in _fn
    return fn(*args, **kwargs)
           ^^^^^^^^^^^^^^^^^^^
  File "/home/msai/song0304/.conda/envs/icml/lib/python3.12/site-packages/torch/utils/checkpoint.py", line 503, in checkpoint
    ret = function(*args, **kwargs)
          ^^^^^^^^^^^^^^^^^^^^^^^^^
  File "/home/msai/song0304/.conda/envs/icml/lib/python3.12/site-packages/torch/nn/modules/module.py", line 1775, in _wrapped_call_impl
    return self._call_impl(*args, **kwargs)
           ^^^^^^^^^^^^^^^^^^^^^^^^^^^^^^^^
  File "/home/msai/song0304/.conda/envs/icml/lib/python3.12/site-packages/torch/nn/modules/module.py", line 1786, in _call_impl
    return forward_call(*args, **kwargs)
           ^^^^^^^^^^^^^^^^^^^^^^^^^^^^^
  File "/home/msai/song0304/code/PDE/pretrain/model_v3.py", line 112, in forward
    x = na_module(x)
        ^^^^^^^^^^^^
  File "/home/msai/song0304/.conda/envs/icml/lib/python3.12/site-packages/torch/nn/modules/module.py", line 1775, in _wrapped_call_impl
    return self._call_impl(*args, **kwargs)
           ^^^^^^^^^^^^^^^^^^^^^^^^^^^^^^^^
  File "/home/msai/song0304/.conda/envs/icml/lib/python3.12/site-packages/torch/nn/modules/module.py", line 1786, in _call_impl
    return forward_call(*args, **kwargs)
           ^^^^^^^^^^^^^^^^^^^^^^^^^^^^^
  File "/home/msai/song0304/.conda/envs/icml/lib/python3.12/site-packages/natten/modules.py", line 112, in forward
    x = neighborhood_attention_generic(  # type: ignore[assignment]
        ^^^^^^^^^^^^^^^^^^^^^^^^^^^^^^^^^^^^^^^^^^^^^^^^^^^^^^^^^^^
  File "/home/msai/song0304/.conda/envs/icml/lib/python3.12/site-packages/natten/functional.py", line 395, in neighborhood_attention_generic
    check_args_against_input(
  File "/home/msai/song0304/.conda/envs/icml/lib/python3.12/site-packages/natten/utils/checks.py", line 497, in check_args_against_input
    raise ValueError(
ValueError: The product of kernel size and dilation cannot be larger than input size along any dimension, got input_size=torch.Size([8, 4, 4, 4]) (input_tensor.shape=torch.Size([2, 8, 4, 4, 4, 12, 64])), kernel_size=(5, 5, 5, 5), dilation=(1, 1, 1, 1).
