
Loading pretrained weights from: ./checkpoints_v4_s_3d_with_best1-2d/best_tf.pt
  Loaded 557 keys successfully

LoRA config:
  r=16, alpha=32
  target_modules={'qkv', 'gate_proj', 'up_proj', 'proj', 'down_proj'}

============================================================
PDELoRAModelV3 Parameter Summary
============================================================
Encoder (2D):           4,302,720 total,  4,302,720 trainable
Decoder (2D):           3,056,146 total,  3,056,146 trainable
Encoder (1D):           3,207,552 total,  3,207,552 trainable
Decoder (1D):           1,127,954 total,  1,127,954 trainable
Encoder (3D):           9,260,288 total,  9,260,288 trainable
Decoder (3D):          15,127,954 total, 15,127,954 trainable
Transformer (LoRA):   233,331,456 total,  6,635,520 trainable
------------------------------------------------------------
Total:                269,414,070 total, 42,718,134 trainable
Trainable ratio: 15.86%
============================================================

⠧ LoRA Training                                            0%    0/9450 -:--:--
[1;34mwandb[0m: 
[1;34mwandb[0m: 🚀 View run [33madvection3d-lora-v3-r16[0m at: [34m[0m
[1;34mwandb[0m: Find logs at: [1;35mwandb/run-20260407_225517-tctylwfp/logs[0m
