2026-04-08 21:28:09,526 - INFO - ============================================================
2026-04-08 21:28:09,526 - INFO - 2D Burgers (Cole-Hopf) LoRA Finetuning
2026-04-08 21:28:09,526 - INFO - ============================================================
2026-04-08 21:28:09,526 - INFO - Config: configs/finetune_burgers_2d_apebench_rescaled_norm.yaml
2026-04-08 21:28:09,526 - INFO - Loss: BC (w=1) + PDE (u_mom + v_mom + irrotational)
2026-04-08 21:28:09,526 - INFO - Lambda BC: 10000.0, Lambda PDE: 0.0036516
2026-04-08 21:28:09,526 - INFO - Save: 100*vrmse + 0*pde
2026-04-08 21:28:09,526 - INFO - ============================================================
2026-04-08 21:28:09,532 - INFO - Detected NEW format (2D): 30 samples, 201 timesteps, shape (160, 160)
2026-04-08 21:28:09,535 - INFO - FinetuneDataset (train): 24 samples, all clips/sample, 4632 total clips
2026-04-08 21:28:09,536 - INFO - Detected NEW format (2D): 30 samples, 201 timesteps, shape (160, 160)
2026-04-08 21:28:09,537 - INFO - FinetuneDataset (val): 6 samples, all clips/sample, 60 total clips
2026-04-08 21:28:09,538 - INFO - FinetuneSampler: 408 batches, 408 per rank
2026-04-08 21:28:09,539 - INFO - FinetuneSampler: 6 batches, 6 per rank
2026-04-08 21:28:09,539 - INFO - Steps per epoch: 408
2026-04-08 21:28:09,539 - INFO - Total steps: 8160
2026-04-08 21:28:17,809 - INFO - PDE eq_scales: {'u_momentum': 0.003761, 'v_momentum': 0.003652}
2026-04-08 21:28:17,810 - INFO - PDE eq_weights: {'u_momentum': 1.0, 'v_momentum': 1.0}
2026-04-08 21:28:22,543 - INFO - Loaded weights from checkpoints_burgers_2d_ch_lora_v3_rescaled_norm/best_lora.pt
2026-04-08 21:28:22,544 - INFO -   best_val_loss = 0.354728
wandb: Currently logged in as: reca1c1trant (reca1c1trant-ntu) to https://api.wandb.ai. Use `wandb login --relogin` to force relogin
wandb: setting up run hfkrfg78
wandb: Tracking run with wandb version 0.23.0
wandb: Run data is saved locally in /home/msai/song0304/code/PDE/wandb/run-20260408_212825-hfkrfg78
wandb: Run `wandb offline` to turn off syncing.
wandb: Syncing run burgers2d_ch-lora-v3-r16
wandb: 猸愶笍 View project at https://wandb.ai/reca1c1trant-ntu/pde-burgers-2d-apebench
wandb: 馃殌 View run at https://wandb.ai/reca1c1trant-ntu/pde-burgers-2d-apebench/runs/hfkrfg78
2026-04-08 21:28:27,811 - INFO - FinetuneSampler: 408 batches, 408 per rank
2026-04-08 21:37:37,309 - INFO - FinetuneSampler: 408 batches, 408 per rank
2026-04-08 21:46:38,930 - INFO - FinetuneSampler: 408 batches, 408 per rank
2026-04-08 21:55:40,510 - INFO - FinetuneSampler: 408 batches, 408 per rank
2026-04-08 22:04:42,049 - INFO - FinetuneSampler: 408 batches, 408 per rank
2026-04-08 22:13:43,969 - INFO - FinetuneSampler: 408 batches, 408 per rank
2026-04-08 22:22:45,886 - INFO - FinetuneSampler: 408 batches, 408 per rank
2026-04-08 22:31:48,065 - INFO - FinetuneSampler: 408 batches, 408 per rank
2026-04-08 22:40:49,973 - INFO - FinetuneSampler: 408 batches, 408 per rank
2026-04-08 22:49:51,862 - INFO - FinetuneSampler: 408 batches, 408 per rank
2026-04-08 22:58:53,372 - INFO - FinetuneSampler: 408 batches, 408 per rank
2026-04-08 23:07:54,889 - INFO - FinetuneSampler: 408 batches, 408 per rank
2026-04-08 23:16:56,283 - INFO - FinetuneSampler: 408 batches, 408 per rank
2026-04-08 23:25:57,925 - INFO - FinetuneSampler: 408 batches, 408 per rank
2026-04-08 23:34:59,480 - INFO - FinetuneSampler: 408 batches, 408 per rank
wandb: updating run metadata
wandb: updating run metadata; uploading output.log; uploading wandb-summary.json
wandb: uploading config.yaml
wandb: uploading history steps 598-599, summary, console lines 130-136
wandb: 
wandb: Run history:
wandb:    train/bc_loss 鈻堚枀鈻嗏枀鈻勨杽鈻呪杽鈻勨杻鈻傗杻鈻傗杽鈻傗杺鈻呪杺鈻傗杻鈻傗杺鈻佲杺鈻勨杺鈻呪杺鈻傗杺鈻勨杺鈻傗杺鈻冣杺鈻傗杹鈻佲杹
wandb:      train/epoch 鈻佲杹鈻佲杹鈻佲杹鈻佲杹鈻傗杺鈻冣杻鈻冣杻鈻冣杽鈻呪枀鈻呪枀鈻呪枀鈻呪枀鈻呪枀鈻嗏枂鈻嗏枂鈻嗏枂鈻嗏枃鈻団枃鈻団枅鈻堚枅
wandb:         train/lr 鈻堚枅鈻堚枅鈻堚枅鈻堚枅鈻堚枅鈻団枃鈻団枃鈻団枃鈻団枃鈻団枃鈻嗏枂鈻嗏枂鈻嗏枂鈻呪枀鈻呪枀鈻呪杽鈻勨杻鈻冣杺鈻傗杺鈻傗杹
wandb:   train/pde_loss 鈻勨杹鈻勨杻鈻嗏杺鈻勨杺鈻嗏杻鈻呪杺鈻傗枀鈻呪枀鈻冣杽鈻傗杽鈻呪杽鈻呪杽鈻冣杻鈻佲杽鈻嗏枅鈻冣枀鈻嗏枀鈻呪杻鈻勨枀鈻傗杽
wandb: train/total_loss 鈻呪枅鈻勨枃鈻嗏杽鈻呪枀鈻勨杻鈻傗枂鈻冣杻鈻冣杽鈻勨杺鈻冣杻鈻傗杻鈻傗杺鈻佲杺鈻傗杺鈻冣杺鈻勨杹鈻傗杹鈻佲杺鈻傗杺鈻傗杹
wandb:      val/bc_loss 鈻堚枀鈻呪杽鈻勨杽鈻勨杻鈻冣杽鈻傗杻鈻冣杻鈻傗杻鈻傗杺鈻傗杺鈻傗杺鈻傗杹鈻傗杹鈻佲杹鈻佲杹
wandb:     val/pde_loss 鈻堚杻鈻冣杽鈻佲杻鈻冣杻鈻傗杻鈻傗杻鈻勨杽鈻勨杽鈻冣杽鈻冣杽鈻冣杻鈻冣杻鈻勨杻鈻冣杻鈻冣杻
wandb:         val/rmse 鈻堚杻鈻傗杽鈻佲杽鈻勨杻鈻冣杽鈻傗杻鈻呪枀鈻冣杻鈻冣杽鈻冣杻鈻冣杻鈻冣杺鈻冣杻鈻冣杻鈻傗杺
wandb:        val/vrmse 鈻堚杻鈻傗杽鈻佲杽鈻勨杻鈻冣杽鈻傗杻鈻呪枀鈻冣杻鈻冣杽鈻冣杻鈻冣杻鈻冣杺鈻冣杻鈻冣杻鈻傗杺
wandb: 
wandb: Run summary:
wandb:    train/bc_loss 0.00463
wandb:      train/epoch 15
wandb:         train/lr 2e-05
wandb:   train/pde_loss 7.78029
wandb: train/total_loss 46.2883
wandb:      val/bc_loss 0.01675
wandb:     val/pde_loss 11.83415
wandb:         val/rmse 0.03103
wandb:        val/vrmse 0.17323
wandb: 
wandb: 馃殌 View run burgers2d_ch-lora-v3-r16 at: https://wandb.ai/reca1c1trant-ntu/pde-burgers-2d-apebench/runs/hfkrfg78
wandb: 猸愶笍 View project at: https://wandb.ai/reca1c1trant-ntu/pde-burgers-2d-apebench
wandb: Synced 5 W&B file(s), 0 media file(s), 0 artifact file(s) and 0 other file(s)
wandb: Find logs at: ./wandb/run-20260408_212825-hfkrfg78/logs
