
Loading pretrained weights from: ./checkpoints_v4_s_3d_with_best1-2d/best_tf.pt
  Loaded 557 keys successfully

LoRA config:
  r=16, alpha=32
  target_modules={'up_proj', 'gate_proj', 'proj', 'down_proj', 'qkv'}

============================================================
PDELoRAModelV3 Parameter Summary
============================================================
Encoder (2D):           4,302,720 total,  4,302,720 trainable
Decoder (2D):           3,056,146 total,  3,056,146 trainable
Encoder (1D):           3,207,552 total,  3,207,552 trainable
Decoder (1D):           1,127,954 total,  1,127,954 trainable
Encoder (3D):           9,260,288 total,  9,260,288 trainable
Decoder (3D):          15,127,954 total, 15,127,954 trainable
Transformer (LoRA):   233,331,456 total,  6,635,520 trainable
------------------------------------------------------------
Total:                269,414,070 total, 42,718,134 trainable
Trainable ratio: 15.86%
============================================================


Step 200/67500 : vrmse=0.871912, rmse=0.559461, pde=1268608.500000, bc=0.475778
(warmup - no saving)

Step 400/67500 [E1]: vrmse=0.555141, rmse=0.352091, pde=5100659.500000, 
bc=0.402458
Saved best model (save=55.5141: 100*0.5551 + 0*5100659.5000)

Step 600/67500 [E1]: vrmse=0.322567, rmse=0.206170, pde=961735.437500, 
bc=0.184329
Saved best model (save=32.2567: 100*0.3226 + 0*961735.4375)

Step 800/67500 [E1]: vrmse=0.265569, rmse=0.168054, pde=1131131.500000, 
bc=0.188209
Saved best model (save=26.5569: 100*0.2656 + 0*1131131.5000)

Step 1000/67500 [E1]: vrmse=0.140731, rmse=0.087501, pde=612570.000000, 
bc=0.062986
Saved best model (save=14.0731: 100*0.1407 + 0*612570.0000)

Step 1200/67500 [E1]: vrmse=0.133619, rmse=0.083793, pde=607657.500000, 
bc=0.062972
Saved best model (save=13.3619: 100*0.1336 + 0*607657.5000)

Step 1400/67500 [E1]: vrmse=0.125473, rmse=0.077080, pde=544748.562500, 
bc=0.068879
Saved best model (save=12.5473: 100*0.1255 + 0*544748.5625)

Step 1600/67500 [E1]: vrmse=0.094357, rmse=0.059124, pde=367187.437500, 
bc=0.062216
Saved best model (save=9.4357: 100*0.0944 + 0*367187.4375)

Step 1800/67500 [E1]: vrmse=0.139033, rmse=0.084962, pde=2922673.250000, 
bc=0.095547
Patience: 1/30

Step 2000/67500 [E1]: vrmse=0.085622, rmse=0.052513, pde=354873.562500, 
bc=0.050728
Saved best model (save=8.5622: 100*0.0856 + 0*354873.5625)

Step 2200/67500 [E1]: vrmse=0.119724, rmse=0.073302, pde=294487.781250, 
bc=0.072263
Patience: 1/30

Epoch 1/30: avg_bc=0.162959, avg_pde=16559169.092561

Step 2400/67500 [E2]: vrmse=0.460331, rmse=0.292123, pde=657479.250000, 
bc=0.301333
Patience: 2/30

Step 2600/67500 [E2]: vrmse=0.293456, rmse=0.183762, pde=577684.625000, 
bc=0.229624
Patience: 3/30

Step 2800/67500 [E2]: vrmse=0.478874, rmse=0.302956, pde=1267061.250000, 
bc=0.361455
Patience: 4/30

Step 3000/67500 [E2]: vrmse=0.115980, rmse=0.072618, pde=835753.625000, 
bc=0.088279
Patience: 5/30

Step 3200/67500 [E2]: vrmse=0.260962, rmse=0.163926, pde=920929.062500, 
bc=0.167740
Patience: 6/30

Step 3400/67500 [E2]: vrmse=0.170929, rmse=0.109583, pde=391077.531250, 
bc=0.110209
Patience: 7/30

Step 3600/67500 [E2]: vrmse=0.114507, rmse=0.070447, pde=351869.062500, 
bc=0.078154
Patience: 8/30

Step 3800/67500 [E2]: vrmse=0.107465, rmse=0.064783, pde=407883.093750, 
bc=0.068842
Patience: 9/30

Step 4000/67500 [E2]: vrmse=0.126488, rmse=0.077069, pde=370209.312500, 
bc=0.085874
Patience: 10/30

Step 4200/67500 [E2]: vrmse=0.468300, rmse=0.298294, pde=1605175.000000, 
bc=0.270256
Patience: 11/30

Step 4400/67500 [E2]: vrmse=0.207192, rmse=0.130013, pde=659416.437500, 
bc=0.089442
Patience: 12/30

Epoch 2/30: avg_bc=0.079300, avg_pde=311752.024723

Step 4600/67500 [E3]: vrmse=0.100976, rmse=0.060753, pde=324553.875000, 
bc=0.054674
Patience: 13/30

Step 4800/67500 [E3]: vrmse=0.243105, rmse=0.151756, pde=359579.156250, 
bc=0.141029
Patience: 14/30

Step 5000/67500 [E3]: vrmse=0.093900, rmse=0.056566, pde=259642.125000, 
bc=0.052318
Patience: 15/30

Step 5200/67500 [E3]: vrmse=0.082174, rmse=0.050320, pde=313023.750000, 
bc=0.050097
Saved best model (save=8.2174: 100*0.0822 + 0*313023.7500)

Step 5400/67500 [E3]: vrmse=0.107851, rmse=0.064923, pde=253041.718750, 
bc=0.060910
Patience: 1/30

Step 5600/67500 [E3]: vrmse=0.401354, rmse=0.255796, pde=321648.500000, 
bc=0.154169
Patience: 2/30

Step 5800/67500 [E3]: vrmse=0.381488, rmse=0.243068, pde=373519.468750, 
bc=0.250975
Patience: 3/30

Step 6000/67500 [E3]: vrmse=0.149963, rmse=0.091089, pde=361230.312500, 
bc=0.087389
Patience: 4/30

Step 6200/67500 [E3]: vrmse=0.395211, rmse=0.247200, pde=591151.875000, 
bc=0.192381
Patience: 5/30

Step 6400/67500 [E3]: vrmse=0.266083, rmse=0.165389, pde=331455.593750, 
bc=0.146220
Patience: 6/30

Step 6600/67500 [E3]: vrmse=0.366021, rmse=0.233724, pde=803126.437500, 
bc=0.173271
Patience: 7/30

Epoch 3/30: avg_bc=0.069540, avg_pde=242567.407733

Step 6800/67500 [E4]: vrmse=0.083266, rmse=0.048546, pde=345994.562500, 
bc=0.043524
Patience: 8/30

Step 7000/67500 [E4]: vrmse=0.110876, rmse=0.070303, pde=178749.531250, 
bc=0.049569
Patience: 9/30

Step 7200/67500 [E4]: vrmse=0.090669, rmse=0.053928, pde=207443.781250, 
bc=0.049680
Patience: 10/30

Step 7400/67500 [E4]: vrmse=0.136699, rmse=0.086689, pde=599915.750000, 
bc=0.088279
Patience: 11/30

Step 7600/67500 [E4]: vrmse=0.183986, rmse=0.118062, pde=298306.031250, 
bc=0.092430
Patience: 12/30

Step 7800/67500 [E4]: vrmse=0.279524, rmse=0.175312, pde=318053.687500, 
bc=0.178399
Patience: 13/30

Step 8000/67500 [E4]: vrmse=0.189554, rmse=0.121474, pde=346531.281250, 
bc=0.085239
Patience: 14/30

Step 8200/67500 [E4]: vrmse=0.090406, rmse=0.054026, pde=216087.203125, 
bc=0.047099
Patience: 15/30

Step 8400/67500 [E4]: vrmse=0.472219, rmse=0.296182, pde=1703641.500000, 
bc=0.181095
Patience: 16/30

Step 8600/67500 [E4]: vrmse=0.105923, rmse=0.063333, pde=268383.718750, 
bc=0.055707
Patience: 17/30

Step 8800/67500 [E4]: vrmse=0.106003, rmse=0.062578, pde=175338.843750, 
bc=0.055033
Patience: 18/30

Step 9000/67500 [E4]: vrmse=0.127269, rmse=0.076734, pde=198989.015625, 
bc=0.049024
Patience: 19/30

Epoch 4/30: avg_bc=0.054625, avg_pde=187510.669734

Step 9200/67500 [E5]: vrmse=0.122183, rmse=0.073391, pde=487173.406250, 
bc=0.079239
Patience: 20/30

Step 9400/67500 [E5]: vrmse=0.220098, rmse=0.135259, pde=316532.718750, 
bc=0.127897
Patience: 21/30

Step 9600/67500 [E5]: vrmse=0.078195, rmse=0.045140, pde=246737.984375, 
bc=0.044574
Saved best model (save=7.8195: 100*0.0782 + 0*246737.9844)

Step 9800/67500 [E5]: vrmse=0.133994, rmse=0.083802, pde=269359.062500, 
bc=0.067184
Patience: 1/30

Step 10000/67500 [E5]: vrmse=0.128526, rmse=0.081057, pde=349562.687500, 
bc=0.095126
Patience: 2/30

Step 10200/67500 [E5]: vrmse=0.126792, rmse=0.079726, pde=185825.781250, 
bc=0.063780
Patience: 3/30

Step 10400/67500 [E5]: vrmse=0.206481, rmse=0.125789, pde=298192.968750, 
bc=0.102634
Patience: 4/30

Step 10600/67500 [E5]: vrmse=0.099565, rmse=0.062680, pde=163358.296875, 
bc=0.071207
Patience: 5/30

Step 10800/67500 [E5]: vrmse=0.257651, rmse=0.166311, pde=278915.531250, 
bc=0.176083
Patience: 6/30

Step 11000/67500 [E5]: vrmse=0.165448, rmse=0.101654, pde=234296.171875, 
bc=0.101900
Patience: 7/30

Step 11200/67500 [E5]: vrmse=0.475398, rmse=0.298493, pde=786923.062500, 
bc=0.241400
Patience: 8/30

Epoch 5/30: avg_bc=0.065575, avg_pde=173448.451098

Step 11400/67500 [E6]: vrmse=0.312695, rmse=0.197209, pde=214117.546875, 
bc=0.212978
Patience: 9/30

Step 11600/67500 [E6]: vrmse=0.149930, rmse=0.094229, pde=149567.062500, 
bc=0.103311
Patience: 10/30

Step 11800/67500 [E6]: vrmse=0.151769, rmse=0.096151, pde=198585.843750, 
bc=0.070715
Patience: 11/30

Step 12000/67500 [E6]: vrmse=0.120632, rmse=0.075897, pde=373786.625000, 
bc=0.087176
Patience: 12/30

Step 12200/67500 [E6]: vrmse=0.139531, rmse=0.085104, pde=346111.750000, 
bc=0.083207
Patience: 13/30

Step 12400/67500 [E6]: vrmse=0.097661, rmse=0.057352, pde=122523.289062, 
bc=0.056090
Patience: 14/30

Step 12600/67500 [E6]: vrmse=0.121359, rmse=0.072969, pde=131250.437500, 
bc=0.061480
Patience: 15/30

Step 12800/67500 [E6]: vrmse=0.112017, rmse=0.065979, pde=151887.109375, 
bc=0.063798
Patience: 16/30

Step 13000/67500 [E6]: vrmse=0.079037, rmse=0.046617, pde=127954.531250, 
bc=0.049167
Patience: 17/30

Step 13200/67500 [E6]: vrmse=0.070523, rmse=0.039771, pde=187877.046875, 
bc=0.038042
Saved best model (save=7.0523: 100*0.0705 + 0*187877.0469)

Step 13400/67500 [E6]: vrmse=0.104478, rmse=0.061591, pde=178884.312500, 
bc=0.047029
Patience: 1/30

Epoch 6/30: avg_bc=0.060651, avg_pde=125474.239366

Step 13600/67500 [E7]: vrmse=0.274411, rmse=0.172200, pde=360153.281250, 
bc=0.111248
Patience: 2/30

Step 13800/67500 [E7]: vrmse=0.257885, rmse=0.165265, pde=297293.156250, 
bc=0.140203
Patience: 3/30

Step 14000/67500 [E7]: vrmse=0.263431, rmse=0.164298, pde=428970.625000, 
bc=0.161782
Patience: 4/30

Step 14200/67500 [E7]: vrmse=0.089515, rmse=0.053535, pde=184020.171875, 
bc=0.048956
Patience: 5/30

Step 14400/67500 [E7]: vrmse=0.077363, rmse=0.045424, pde=122106.968750, 
bc=0.045560
Patience: 6/30

Step 14600/67500 [E7]: vrmse=0.165635, rmse=0.104476, pde=176359.765625, 
bc=0.083371
Patience: 7/30

Step 14800/67500 [E7]: vrmse=0.103307, rmse=0.061261, pde=149110.921875, 
bc=0.052460
Patience: 8/30

Step 15000/67500 [E7]: vrmse=0.085383, rmse=0.050202, pde=251307.812500, 
bc=0.050491
Patience: 9/30

Step 15200/67500 [E7]: vrmse=0.085321, rmse=0.049443, pde=133361.046875, 
bc=0.045032
Patience: 10/30

Step 15400/67500 [E7]: vrmse=0.088490, rmse=0.051931, pde=126649.789062, 
bc=0.054100
Patience: 11/30

Step 15600/67500 [E7]: vrmse=0.089169, rmse=0.052909, pde=112149.125000, 
bc=0.047501
Patience: 12/30

Epoch 7/30: avg_bc=0.057218, avg_pde=113091.905706

Step 15800/67500 [E8]: vrmse=0.155505, rmse=0.099648, pde=219637.375000, 
bc=0.102259
Patience: 13/30

Step 16000/67500 [E8]: vrmse=0.112255, rmse=0.067069, pde=178105.015625, 
bc=0.047100
Patience: 14/30

Step 16200/67500 [E8]: vrmse=0.129879, rmse=0.083483, pde=215263.609375, 
bc=0.076238
Patience: 15/30

Step 16400/67500 [E8]: vrmse=0.114575, rmse=0.066828, pde=118420.296875, 
bc=0.063335
Patience: 16/30

Step 16600/67500 [E8]: vrmse=0.087322, rmse=0.049229, pde=121436.187500, 
bc=0.045761
Patience: 17/30

Step 16800/67500 [E8]: vrmse=0.080076, rmse=0.047756, pde=177814.250000, 
bc=0.047658
Patience: 18/30

Step 17000/67500 [E8]: vrmse=0.099590, rmse=0.057391, pde=222117.281250, 
bc=0.044315
Patience: 19/30
