==========================================
Generate 1D Advection Dataset
Start: Fri Apr 10 07:22:24 PM +08 2026
Node: TC2N02
==========================================
Config: N_GRID=256, N_T=101, N_SAMPLES=1000, a~U(0.5,3.0)
======================================================================
1D Advection (Periodic, Fourier IC) Dataset Generation
======================================================================

Configuration:
  N_samples: 1000
  Resolution: 256
  Domain: [0, 2*pi], periodic, endpoint=False
  dx = 0.02454369
  Temporal steps: 101, dt = 0.01
  Advection speed a: [0.5, 3.0]
  Fourier modes: 5-12, k in [1, 8]
  Output: /scratch-share/SONG0304/finetune/advection_1d.hdf5

Generating 1000 samples...
  Generated in 8.9s

  u range: [-3.924594, 4.350278]
  u std: 0.867051
  a range: [0.5008, 2.9987]

[Saving to HDF5...]
  Symlink: ./data/finetune/advection_1d.hdf5 -> /scratch-share/SONG0304/finetune/advection_1d.hdf5
  vector shape: (1000, 101, 256, 3)
  scalar shape: (1000, 101, 256, 1)
  scalar_indices: [11]
  nu shape: (1000,)
  File size: 0.39 GB

======================================================================
Done!
======================================================================
Done: Fri Apr 10 07:22:34 PM +08 2026
